Determining if the pthread_create exist failed with the following output:
Change Dir: /media/dhaivat666/e4187b00-2f8d-4c09-b475-5966c6563009/IIIT Lab work/Catkin_workspaces/catkin_ws_pointcloud/build/CMakeFiles/CMakeTmp

Run Build Command:"/usr/bin/make" "cmTryCompileExec3014570672/fast"
/usr/bin/make -f CMakeFiles/cmTryCompileExec3014570672.dir/build.make CMakeFiles/cmTryCompileExec3014570672.dir/build
make[1]: Entering directory `/media/dhaivat666/e4187b00-2f8d-4c09-b475-5966c6563009/IIIT Lab work/Catkin_workspaces/catkin_ws_pointcloud/build/CMakeFiles/CMakeTmp'
/usr/bin/cmake -E cmake_progress_report "/media/dhaivat666/e4187b00-2f8d-4c09-b475-5966c6563009/IIIT Lab work/Catkin_workspaces/catkin_ws_pointcloud/build/CMakeFiles/CMakeTmp/CMakeFiles" 1
Building C object CMakeFiles/cmTryCompileExec3014570672.dir/CheckSymbolExists.c.o
/usr/bin/cc    -o CMakeFiles/cmTryCompileExec3014570672.dir/CheckSymbolExists.c.o   -c "/media/dhaivat666/e4187b00-2f8d-4c09-b475-5966c6563009/IIIT Lab work/Catkin_workspaces/catkin_ws_pointcloud/build/CMakeFiles/CMakeTmp/CheckSymbolExists.c"
Linking C executable cmTryCompileExec3014570672
/usr/bin/cmake -E cmake_link_script CMakeFiles/cmTryCompileExec3014570672.dir/link.txt --verbose=1
/usr/bin/cc       CMakeFiles/cmTryCompileExec3014570672.dir/CheckSymbolExists.c.o  -o cmTryCompileExec3014570672 -rdynamic 
CMakeFiles/cmTryCompileExec3014570672.dir/CheckSymbolExists.c.o: In function `main':
CheckSymbolExists.c:(.text+0x16): undefined reference to `pthread_create'
collect2: error: ld returned 1 exit status
make[1]: *** [cmTryCompileExec3014570672] Error 1
make[1]: Leaving directory `/media/dhaivat666/e4187b00-2f8d-4c09-b475-5966c6563009/IIIT Lab work/Catkin_workspaces/catkin_ws_pointcloud/build/CMakeFiles/CMakeTmp'
make: *** [cmTryCompileExec3014570672/fast] Error 2

File /media/dhaivat666/e4187b00-2f8d-4c09-b475-5966c6563009/IIIT Lab work/Catkin_workspaces/catkin_ws_pointcloud/build/CMakeFiles/CMakeTmp/CheckSymbolExists.c:
/* */
#include <pthread.h>

int main(int argc, char** argv)
{
  (void)argv;
#ifndef pthread_create
  return ((int*)(&pthread_create))[argc];
#else
  (void)argc;
  return 0;
#endif
}

Determining if the function pthread_create exists in the pthreads failed with the following output:
Change Dir: /media/dhaivat666/e4187b00-2f8d-4c09-b475-5966c6563009/IIIT Lab work/Catkin_workspaces/catkin_ws_pointcloud/build/CMakeFiles/CMakeTmp

Run Build Command:"/usr/bin/make" "cmTryCompileExec1977082423/fast"
/usr/bin/make -f CMakeFiles/cmTryCompileExec1977082423.dir/build.make CMakeFiles/cmTryCompileExec1977082423.dir/build
make[1]: Entering directory `/media/dhaivat666/e4187b00-2f8d-4c09-b475-5966c6563009/IIIT Lab work/Catkin_workspaces/catkin_ws_pointcloud/build/CMakeFiles/CMakeTmp'
/usr/bin/cmake -E cmake_progress_report "/media/dhaivat666/e4187b00-2f8d-4c09-b475-5966c6563009/IIIT Lab work/Catkin_workspaces/catkin_ws_pointcloud/build/CMakeFiles/CMakeTmp/CMakeFiles" 1
Building C object CMakeFiles/cmTryCompileExec1977082423.dir/CheckFunctionExists.c.o
/usr/bin/cc   -DCHECK_FUNCTION_EXISTS=pthread_create   -o CMakeFiles/cmTryCompileExec1977082423.dir/CheckFunctionExists.c.o   -c /usr/share/cmake-3.2/Modules/CheckFunctionExists.c
Linking C executable cmTryCompileExec1977082423
/usr/bin/cmake -E cmake_link_script CMakeFiles/cmTryCompileExec1977082423.dir/link.txt --verbose=1
/usr/bin/cc   -DCHECK_FUNCTION_EXISTS=pthread_create    CMakeFiles/cmTryCompileExec1977082423.dir/CheckFunctionExists.c.o  -o cmTryCompileExec1977082423 -rdynamic -lpthreads 
/usr/bin/ld: cannot find -lpthreads
collect2: error: ld returned 1 exit status
make[1]: Leaving directory `/media/dhaivat666/e4187b00-2f8d-4c09-b475-5966c6563009/IIIT Lab work/Catkin_workspaces/catkin_ws_pointcloud/build/CMakeFiles/CMakeTmp'
make[1]: *** [cmTryCompileExec1977082423] Error 1
make: *** [cmTryCompileExec1977082423/fast] Error 2


